[debug] [2021-10-31T17:51:21.659Z] ----------------------------------------------------------------------
[debug] [2021-10-31T17:51:21.663Z] Command:       C:\Program Files\nodejs\node.exe C:\Users\user\AppData\Roaming\npm\node_modules\firebase-tools\lib\bin\firebase.js deploy
[debug] [2021-10-31T17:51:21.664Z] CLI Version:   9.21.0
[debug] [2021-10-31T17:51:21.664Z] Platform:      win32
[debug] [2021-10-31T17:51:21.665Z] Node Version:  v16.11.0
[debug] [2021-10-31T17:51:21.666Z] Time:          Sun Oct 31 2021 23:51:21 GMT+0600 (Bangladesh Standard Time)
[debug] [2021-10-31T17:51:21.667Z] ----------------------------------------------------------------------
[debug] 
[debug] [2021-10-31T17:51:21.783Z] > command requires scopes: ["email","openid","https://www.googleapis.com/auth/cloudplatformprojects.readonly","https://www.googleapis.com/auth/firebase","https://www.googleapis.com/auth/cloud-platform"]
[debug] [2021-10-31T17:51:21.784Z] > authorizing via signed-in user (sakawat602873@gmail.com)
[debug] [2021-10-31T17:51:21.784Z] [iam] checking project traveltour-999b1 for permissions ["firebase.projects.get","firebasehosting.sites.update"]
[debug] [2021-10-31T17:51:21.789Z] >>> HTTP REQUEST POST https://cloudresourcemanager.googleapis.com/v1/projects/traveltour-999b1:testIamPermissions  
 {"permissions":["firebase.projects.get","firebasehosting.sites.update"]}
[debug] [2021-10-31T17:51:22.122Z] [iam] error while checking permissions, command may fail: FirebaseError: Server Error. read ECONNRESET
[debug] [2021-10-31T17:51:22.127Z] > refreshing access token with scopes: []
[debug] [2021-10-31T17:51:22.129Z] >>> HTTP REQUEST POST https://www.googleapis.com/oauth2/v3/token  
 <request body omitted>
[debug] [2021-10-31T17:51:22.308Z] Authentication Error: Your credentials are no longer valid. Please run firebase login --reauth

For CI servers and headless environments, generate a new token with firebase login:ci
[debug] [2021-10-31T17:51:22.481Z] FirebaseError: Authentication Error: Your credentials are no longer valid. Please run firebase login --reauth

For CI servers and headless environments, generate a new token with firebase login:ci
    at invalidCredentialError (C:\Users\user\AppData\Roaming\npm\node_modules\firebase-tools\lib\auth.js:141:12)
    at refreshTokens (C:\Users\user\AppData\Roaming\npm\node_modules\firebase-tools\lib\auth.js:448:15)
    at processTicksAndRejections (node:internal/process/task_queues:96:5)
    at async Client.getAccessToken (C:\Users\user\AppData\Roaming\npm\node_modules\firebase-tools\lib\apiv2.js:146:23)
    at async Client.addAuthHeader (C:\Users\user\AppData\Roaming\npm\node_modules\firebase-tools\lib\apiv2.js:137:21)
    at async Client.request (C:\Users\user\AppData\Roaming\npm\node_modules\firebase-tools\lib\apiv2.js:93:34)
    at async Object.getFirebaseProject (C:\Users\user\AppData\Roaming\npm\node_modules\firebase-tools\lib\management\projects.js:290:21)
    at async Object.getDefaultHostingSite (C:\Users\user\AppData\Roaming\npm\node_modules\firebase-tools\lib\getDefaultHostingSite.js:8:21)
    at async requireHostingSite (C:\Users\user\AppData\Roaming\npm\node_modules\firebase-tools\lib\requireHostingSite.js:9:18)
    at async Object.fn (C:\Users\user\AppData\Roaming\npm\node_modules\firebase-tools\lib\commands\deploy.js:65:9)
    at async C:\Users\user\AppData\Roaming\npm\node_modules\firebase-tools\lib\command.js:188:17
[error] 
[error] Error: Failed to get Firebase project traveltour-999b1. Please make sure the project exists and your account has permission to access it.
[debug] [2021-10-31T17:51:54.537Z] ----------------------------------------------------------------------
[debug] [2021-10-31T17:51:54.541Z] Command:       C:\Program Files\nodejs\node.exe C:\Users\user\AppData\Roaming\npm\node_modules\firebase-tools\lib\bin\firebase.js deploy
[debug] [2021-10-31T17:51:54.542Z] CLI Version:   9.21.0
[debug] [2021-10-31T17:51:54.543Z] Platform:      win32
[debug] [2021-10-31T17:51:54.543Z] Node Version:  v16.11.0
[debug] [2021-10-31T17:51:54.544Z] Time:          Sun Oct 31 2021 23:51:54 GMT+0600 (Bangladesh Standard Time)
[debug] [2021-10-31T17:51:54.545Z] ----------------------------------------------------------------------
[debug] 
[debug] [2021-10-31T17:51:54.665Z] > command requires scopes: ["email","openid","https://www.googleapis.com/auth/cloudplatformprojects.readonly","https://www.googleapis.com/auth/firebase","https://www.googleapis.com/auth/cloud-platform"]
[debug] [2021-10-31T17:51:54.665Z] > authorizing via signed-in user (sakawat602873@gmail.com)
[debug] [2021-10-31T17:51:54.666Z] [iam] checking project traveltour-999b1 for permissions ["firebase.projects.get","firebasehosting.sites.update"]
[debug] [2021-10-31T17:51:54.671Z] >>> HTTP REQUEST POST https://cloudresourcemanager.googleapis.com/v1/projects/traveltour-999b1:testIamPermissions  
 {"permissions":["firebase.projects.get","firebasehosting.sites.update"]}
[debug] [2021-10-31T17:51:54.892Z] [iam] error while checking permissions, command may fail: FirebaseError: Server Error. read ECONNRESET
[debug] [2021-10-31T17:51:54.897Z] > refreshing access token with scopes: []
[debug] [2021-10-31T17:51:54.899Z] >>> HTTP REQUEST POST https://www.googleapis.com/oauth2/v3/token  
 <request body omitted>
[debug] [2021-10-31T17:51:55.065Z] Authentication Error: Your credentials are no longer valid. Please run firebase login --reauth

For CI servers and headless environments, generate a new token with firebase login:ci
[debug] [2021-10-31T17:51:55.245Z] FirebaseError: Authentication Error: Your credentials are no longer valid. Please run firebase login --reauth

For CI servers and headless environments, generate a new token with firebase login:ci
    at invalidCredentialError (C:\Users\user\AppData\Roaming\npm\node_modules\firebase-tools\lib\auth.js:141:12)
    at refreshTokens (C:\Users\user\AppData\Roaming\npm\node_modules\firebase-tools\lib\auth.js:448:15)
    at processTicksAndRejections (node:internal/process/task_queues:96:5)
    at async Client.getAccessToken (C:\Users\user\AppData\Roaming\npm\node_modules\firebase-tools\lib\apiv2.js:146:23)
    at async Client.addAuthHeader (C:\Users\user\AppData\Roaming\npm\node_modules\firebase-tools\lib\apiv2.js:137:21)
    at async Client.request (C:\Users\user\AppData\Roaming\npm\node_modules\firebase-tools\lib\apiv2.js:93:34)
    at async Object.getFirebaseProject (C:\Users\user\AppData\Roaming\npm\node_modules\firebase-tools\lib\management\projects.js:290:21)
    at async Object.getDefaultHostingSite (C:\Users\user\AppData\Roaming\npm\node_modules\firebase-tools\lib\getDefaultHostingSite.js:8:21)
    at async requireHostingSite (C:\Users\user\AppData\Roaming\npm\node_modules\firebase-tools\lib\requireHostingSite.js:9:18)
    at async Object.fn (C:\Users\user\AppData\Roaming\npm\node_modules\firebase-tools\lib\commands\deploy.js:65:9)
    at async C:\Users\user\AppData\Roaming\npm\node_modules\firebase-tools\lib\command.js:188:17
[error] 
[error] Error: Failed to get Firebase project traveltour-999b1. Please make sure the project exists and your account has permission to access it.
